Change Component Footprint: Designator=Q2 Old Footprint=ONSC-TO-220-3-221A-09 New Footprint=STM-TO-18-3
Change Component Footprint: Designator=Q3 Old Footprint=ONSC-TO-220-3-221A-09 New Footprint=STM-TO-18-3
Change Component Comment : Designator=Q3 Old Comment=TIP31A New Comment=2N2222A
Change Component Comment : Designator=Q2 Old Comment=TIP32A New Comment=2N2907A
Change Managed Component Library Link : Designator=Q2 Old VaultGUID=B7D15EC3-160A-466F-A46C-7801FE6295A7 New VaultGUID=B7D15EC3-160A-466F-A46C-7801FE6295A7 Old ItemGUID=2F25D8D8-FDBE-46D0-9DE4-7865E54D47A4 New ItemGUID=8D69E4DF-3A29-47D9-8CFB-CB8FE454C28E Old RevisionGUID=DEB23B26-029E-40B2-BBB7-2752C0B9F5D3 New RevisionGUID=9F49B139-8118-425F-AC90-19BAB7D82443
Change Managed Component Library Link : Designator=Q3 Old VaultGUID=B7D15EC3-160A-466F-A46C-7801FE6295A7 New VaultGUID=B7D15EC3-160A-466F-A46C-7801FE6295A7 Old ItemGUID=1092B2C3-2CEF-4297-B411-7A7CCA236CE0 New ItemGUID=A865139E-B6EF-45E0-AF9D-69A25E38148A Old RevisionGUID=34DA7507-DF5E-4F53-9486-68EB00889356 New RevisionGUID=908783B6-6357-42CF-A442-94334766117E
Change component parameters: Designator = "Q2" ("Q2"); Footprint = "ONSC-TO-220-3-221A-09"; UniqueID = "\SHUJJDBG" ("\SHUJJDBG")
Change component parameters (AddParameter): Name = "Automotive Qualification Standard"; Value = "-"; VariantName = "[No Variations]"
Change component parameters (AddParameter): Name = "Collector Emitter Voltage V(br)ceo"; Value = "-60V"; VariantName = "[No Variations]"
Change component parameters (AddParameter): Name = "Datasheet URL"; Value = "https://datasheet.ciiva.com/16614/cd00003088-16614659.pdf"; VariantName = "[No Variations]"
Change component parameters (AddParameter): Name = "Datasheet Version"; Value = "02/2003"; VariantName = "[No Variations]"
Change component parameters (AddParameter): Name = "DC Collector Current"; Value = "-600mA"; VariantName = "[No Variations]"
Change component parameters (AddParameter): Name = "DC Current Gain hFE"; Value = "300hFE"; VariantName = "[No Variations]"
Change component parameters (AddParameter): Name = "Manufacturer"; Value = "STMicroelectronics"; VariantName = "[No Variations]"
Change component parameters (AddParameter): Name = "Manufacturer URL"; Value = "http://www.st.com/"; VariantName = "[No Variations]"
Change component parameters (AddParameter): Name = "Mounting Technology"; Value = "ThroughHole"; VariantName = "[No Variations]"
Change component parameters (AddParameter): Name = "MSL"; Value = "-"; VariantName = "[No Variations]"
Change component parameters (AddParameter): Name = "No. of Pins"; Value = "3Pins"; VariantName = "[No Variations]"
Change component parameters (AddParameter): Name = "Operating Temperature Max"; Value = "175°C"; VariantName = "[No Variations]"
Change component parameters (AddParameter): Name = "Package Description"; Value = "3-Pin Through Hole Device, Dia 5.8 mm, Pitch 1.27 mm"; VariantName = "[No Variations]"
Change component parameters (AddParameter): Name = "Package Reference"; Value = "TO-18-3"; VariantName = "[No Variations]"
Change component parameters (AddParameter): Name = "Power Dissipation Pd"; Value = "400mW"; VariantName = "[No Variations]"
Change component parameters (AddParameter): Name = "Product Range"; Value = "-"; VariantName = "[No Variations]"
Change component parameters (AddParameter): Name = "SVHC"; Value = "NoSVHC(17-Dec-2015)"; VariantName = "[No Variations]"
Change component parameters (AddParameter): Name = "Transistor Case Style"; Value = "TO-18"; VariantName = "[No Variations]"
Change component parameters (AddParameter): Name = "Transistor Polarity"; Value = "PNP"; VariantName = "[No Variations]"
Change component parameters (AddParameter): Name = "Transition Frequency ft"; Value = "200MHz"; VariantName = "[No Variations]"
Change component parameters: Designator = "Q3" ("Q3"); Footprint = "ONSC-TO-220-3-221A-09"; UniqueID = "\ITILXBPQ" ("\ITILXBPQ")
Change component parameters (AddParameter): Name = "Automotive Qualification Standard"; Value = "-"; VariantName = "[No Variations]"
Change component parameters (AddParameter): Name = "Collector Emitter Voltage V(br)ceo"; Value = "40V"; VariantName = "[No Variations]"
Change component parameters (AddParameter): Name = "Datasheet URL"; Value = "https://datasheet.ciiva.com/25917/cd00003223-25917094.pdf"; VariantName = "[No Variations]"
Change component parameters (AddParameter): Name = "Datasheet Version"; Value = "Feb-03"; VariantName = "[No Variations]"
Change component parameters (AddParameter): Name = "DC Collector Current"; Value = "600mA"; VariantName = "[No Variations]"
Change component parameters (AddParameter): Name = "DC Current Gain hFE"; Value = "300hFE"; VariantName = "[No Variations]"
Change component parameters (AddParameter): Name = "Manufacturer"; Value = "STMicroelectronics"; VariantName = "[No Variations]"
Change component parameters (AddParameter): Name = "Manufacturer URL"; Value = "http://www.st.com/"; VariantName = "[No Variations]"
Change component parameters (AddParameter): Name = "No. of Pins"; Value = "3Pins"; VariantName = "[No Variations]"
Change component parameters (AddParameter): Name = "Operating Temperature Max"; Value = "175degC"; VariantName = "[No Variations]"
Change component parameters (AddParameter): Name = "Package Description"; Value = "3-Pin Through Hole Device, Dia 5.8 mm, Pitch 1.27 mm"; VariantName = "[No Variations]"
Change component parameters (AddParameter): Name = "Package Reference"; Value = "TO-18-3"; VariantName = "[No Variations]"
Change component parameters (AddParameter): Name = "Power Dissipation Pd"; Value = "500mW"; VariantName = "[No Variations]"
Change component parameters (AddParameter): Name = "Product Range"; Value = "-"; VariantName = "[No Variations]"
Change component parameters (AddParameter): Name = "Transistor Case Style"; Value = "TO-18"; VariantName = "[No Variations]"
Change component parameters (AddParameter): Name = "Transistor Polarity"; Value = "NPN"; VariantName = "[No Variations]"
Change component parameters (AddParameter): Name = "Transition Frequency ft"; Value = "300MHz"; VariantName = "[No Variations]"
Added Component: Designator=J1(614004135023)
Add component (AddParameter): Name = "Color"; Value = "White"; VariantName = "[No Variations]"
Add component (AddParameter): Name = "Connector Type"; Value = "USB"; VariantName = "[No Variations]"
Add component (AddParameter): Name = "Contact Material"; Value = "Gold"; VariantName = "[No Variations]"
Add component (AddParameter): Name = "Contact Plating"; Value = "Gold"; VariantName = "[No Variations]"
Add component (AddParameter): Name = "Contact Resistance"; Value = "20mO"; VariantName = "[No Variations]"
Add component (AddParameter): Name = "Current Rating"; Value = "1.5A"; VariantName = "[No Variations]"
Add component (AddParameter): Name = "Features"; Value = "Shielded"; VariantName = "[No Variations]"
Add component (AddParameter): Name = "Gender"; Value = "Receptacle"; VariantName = "[No Variations]"
Add component (AddParameter): Name = "Height"; Value = "15.2mm"; VariantName = "[No Variations]"
Add component (AddParameter): Name = "Insulation Material"; Value = "PBT"; VariantName = "[No Variations]"
Add component (AddParameter): Name = "Insulation Resistance"; Value = "1GO"; VariantName = "[No Variations]"
Add component (AddParameter): Name = "Lead Free"; Value = "Lead Free"; VariantName = "[No Variations]"
Add component (AddParameter): Name = "Length"; Value = "15.7mm"; VariantName = "[No Variations]"
Add component (AddParameter): Name = "Max Operating Temperature"; Value = "105°C"; VariantName = "[No Variations]"
Add component (AddParameter): Name = "Min Operating Temperature"; Value = "-40°C"; VariantName = "[No Variations]"
Add component (AddParameter): Name = "Mount"; Value = "Through Hole, Vertical"; VariantName = "[No Variations]"
Add component (AddParameter): Name = "NexarPartId"; Value = "18818178"; VariantName = "[No Variations]"
Add component (AddParameter): Name = "Number of Contacts"; Value = "4"; VariantName = "[No Variations]"
Add component (AddParameter): Name = "Number of Pins"; Value = "4"; VariantName = "[No Variations]"
Add component (AddParameter): Name = "Number of Ports"; Value = "1"; VariantName = "[No Variations]"
Add component (AddParameter): Name = "Number of Positions"; Value = "4"; VariantName = "[No Variations]"
Add component (AddParameter): Name = "Operating Supply Voltage"; Value = "30V"; VariantName = "[No Variations]"
Add component (AddParameter): Name = "Orientation"; Value = "Vertical"; VariantName = "[No Variations]"
Add component (AddParameter): Name = "REACH SVHC"; Value = "Unknown"; VariantName = "[No Variations]"
Add component (AddParameter): Name = "RoHS"; Value = "Compliant"; VariantName = "[No Variations]"
Add component (AddParameter): Name = "Termination"; Value = "Solder"; VariantName = "[No Variations]"
Add component (AddParameter): Name = "USB Standard"; Value = "USB 2.0"; VariantName = "[No Variations]"
Add component (AddParameter): Name = "Voltage Rating"; Value = "30V"; VariantName = "[No Variations]"
Add component (AddParameter): Name = "Width"; Value = "18.8mm"; VariantName = "[No Variations]"
Added Pin To Net: NetName=NetPCAP1_2 Pin=R1-2
Added Pin To Net: NetName=NetPCAP1_2 Pin=R2-1
Added Pin To Net: NetName=NetU1_28 Pin=U1-28
Added Net: Name=NetU1_28
Added Member To Class: ClassName=Sheet1 Member=Component J1 614004135023
